[debug] [2024-12-01T21:53:36.215Z] ----------------------------------------------------------------------
[debug] [2024-12-01T21:53:36.219Z] Command:       C:\Program Files\nodejs\node.exe C:\Users\HP\AppData\Roaming\npm\node_modules\firebase-tools\lib\bin\firebase.js projects:list
[debug] [2024-12-01T21:53:36.219Z] CLI Version:   13.27.0
[debug] [2024-12-01T21:53:36.220Z] Platform:      win32
[debug] [2024-12-01T21:53:36.220Z] Node Version:  v20.17.0
[debug] [2024-12-01T21:53:36.220Z] Time:          Sun Dec 01 2024 22:53:36 GMT+0100 (UTC+01:00)
[debug] [2024-12-01T21:53:36.220Z] ----------------------------------------------------------------------
[debug] 
[debug] [2024-12-01T21:53:36.223Z] >>> [apiv2][query] GET https://firebase-public.firebaseio.com/cli.json [none]
[debug] [2024-12-01T21:53:36.363Z] > command requires scopes: ["email","openid","https://www.googleapis.com/auth/cloudplatformprojects.readonly","https://www.googleapis.com/auth/firebase","https://www.googleapis.com/auth/cloud-platform"]
[debug] [2024-12-01T21:53:36.364Z] > authorizing via signed-in user (tarhisaid@gmail.com)
[debug] [2024-12-01T21:53:36.369Z] Checked if tokens are valid: false, expires at: 1640822091877
[debug] [2024-12-01T21:53:36.369Z] Checked if tokens are valid: false, expires at: 1640822091877
[debug] [2024-12-01T21:53:36.369Z] > refreshing access token with scopes: []
[debug] [2024-12-01T21:53:36.370Z] >>> [apiv2][query] POST https://www.googleapis.com/oauth2/v3/token [none]
[debug] [2024-12-01T21:53:36.370Z] >>> [apiv2][body] POST https://www.googleapis.com/oauth2/v3/token [omitted]
[debug] [2024-12-01T21:53:37.062Z] <<< [apiv2][status] POST https://www.googleapis.com/oauth2/v3/token 400
[debug] [2024-12-01T21:53:37.062Z] <<< [apiv2][body] POST https://www.googleapis.com/oauth2/v3/token [omitted]
[debug] [2024-12-01T21:53:37.063Z] >>> [apiv2][query] GET https://firebase.googleapis.com/v1beta1/projects pageSize=1000
[debug] [2024-12-01T21:53:37.191Z] <<< [apiv2][status] GET https://firebase-public.firebaseio.com/cli.json 200
[debug] [2024-12-01T21:53:37.192Z] <<< [apiv2][body] GET https://firebase-public.firebaseio.com/cli.json {"cloudBuildErrorAfter":1594252800000,"cloudBuildWarnAfter":1590019200000,"defaultNode10After":1594252800000,"minVersion":"3.0.5","node8DeploysDisabledAfter":1613390400000,"node8RuntimeDisabledAfter":1615809600000,"node8WarnAfter":1600128000000}
[debug] [2024-12-01T21:53:37.580Z] <<< [apiv2][status] GET https://firebase.googleapis.com/v1beta1/projects 401
[debug] [2024-12-01T21:53:37.580Z] <<< [apiv2][body] GET https://firebase.googleapis.com/v1beta1/projects [omitted]
[debug] [2024-12-01T21:53:37.580Z] Got a 401 Unauthenticated error for a call that required authentication. Refreshing tokens.
[debug] [2024-12-01T21:53:37.580Z] Checked if tokens are valid: false, expires at: 1640822091877
[debug] [2024-12-01T21:53:37.581Z] Checked if tokens are valid: false, expires at: 1640822091877
[debug] [2024-12-01T21:53:37.581Z] > refreshing access token with scopes: []
[debug] [2024-12-01T21:53:37.581Z] >>> [apiv2][query] POST https://www.googleapis.com/oauth2/v3/token [none]
[debug] [2024-12-01T21:53:37.581Z] >>> [apiv2][body] POST https://www.googleapis.com/oauth2/v3/token [omitted]
[debug] [2024-12-01T21:53:37.743Z] <<< [apiv2][status] POST https://www.googleapis.com/oauth2/v3/token 400
[debug] [2024-12-01T21:53:37.744Z] <<< [apiv2][body] POST https://www.googleapis.com/oauth2/v3/token [omitted]
[debug] [2024-12-01T21:53:37.748Z] Request to https://firebase.googleapis.com/v1beta1/projects?pageSize=1000 had HTTP Error: 401, Request had invalid authentication credentials. Expected OAuth 2 access token, login cookie or other valid authentication credential. See https://developers.google.com/identity/sign-in/web/devconsole-project.
[debug] [2024-12-01T21:53:37.754Z] FirebaseError: Request to https://firebase.googleapis.com/v1beta1/projects?pageSize=1000 had HTTP Error: 401, Request had invalid authentication credentials. Expected OAuth 2 access token, login cookie or other valid authentication credential. See https://developers.google.com/identity/sign-in/web/devconsole-project.
    at responseToError (C:\Users\HP\AppData\Roaming\npm\node_modules\firebase-tools\lib\responseToError.js:52:12)
    at RetryOperation._fn (C:\Users\HP\AppData\Roaming\npm\node_modules\firebase-tools\lib\apiv2.js:312:77)
    at process.processTicksAndRejections (node:internal/process/task_queues:95:5)
[error] 
[error] Error: Failed to list Firebase projects. See firebase-debug.log for more info.
